2026-07-17 14:51:03,778 | INFO | ================================================================================
2026-07-17 14:51:03,778 | INFO | COLLECTION AUTOMATION V3 STARTED
2026-07-17 14:51:03,778 | INFO | ================================================================================
2026-07-17 14:51:03,778 | INFO | STEP 1/5 : Validating Users
2026-07-17 14:51:04,114 | INFO | User validation successful. Total Users: 3
2026-07-17 14:51:04,114 | INFO | User validation completed successfully.
2026-07-17 14:51:04,114 | INFO | STEP 2/5 : Downloading Reports
2026-07-17 14:51:12,889 | INFO | Cleaning old temporary files
2026-07-17 14:51:12,889 | INFO | ============================================================
2026-07-17 14:51:12,889 | INFO | CLEANING TEMP DIRECTORY
2026-07-17 14:51:12,889 | INFO | ============================================================
2026-07-17 14:51:12,889 | INFO | Deleted 0 old folders/files.
2026-07-17 14:51:12,889 | INFO | ============================================================
2026-07-17 14:51:12,889 | INFO | Reports downloaded successfully.
2026-07-17 14:51:12,889 | INFO | STEP 3/5 : Loading Reports Into Memory
2026-07-17 14:51:12,889 | INFO | ============================================================
2026-07-17 14:51:12,889 | INFO | LOADING REPORTS INTO MEMORY
2026-07-17 14:51:12,889 | INFO | ============================================================
2026-07-17 14:51:12,933 | INFO | Payment Reconciliation : 103 rows
2026-07-17 14:51:12,964 | INFO | Exception Report : 106 rows
2026-07-17 14:51:13,540 | INFO | Monthly LAN Activity : 3672 rows
2026-07-17 14:51:13,932 | INFO | Daily Activity : 2272 rows
2026-07-17 14:51:14,095 | INFO | Receipt : 1177 rows
2026-07-17 14:51:14,095 | INFO | Loaded 5 reports.
2026-07-17 14:51:14,095 | INFO | 5 reports loaded into memory.
2026-07-17 14:51:14,095 | INFO | STEP 4/5 : Generating User Reports
2026-07-17 14:51:14,095 | INFO | ======================================================================
2026-07-17 14:51:14,095 | INFO | GENERATING USER REPORTS
2026-07-17 14:51:14,095 | INFO | ======================================================================
2026-07-17 14:51:14,095 | INFO | Total Users : 3
2026-07-17 14:51:14,107 | INFO | [1/3] Processing : Aayush Bansal
2026-07-17 14:51:14,261 | INFO | Aayush Bansal -> Payment Reconciliation (103 rows)
2026-07-17 14:51:14,313 | INFO | Aayush Bansal -> Exception Report (106 rows)
2026-07-17 14:51:14,952 | INFO | Aayush Bansal -> Monthly LAN Activity (3671 rows)
2026-07-17 14:51:15,382 | INFO | Aayush Bansal -> Daily Activity (2271 rows)
2026-07-17 14:51:15,574 | INFO | Aayush Bansal -> Receipt (1177 rows)
2026-07-17 14:51:15,574 | INFO | [2/3] Processing : Purav Shah
2026-07-17 14:51:15,614 | INFO | Purav Shah -> Payment Reconciliation (10 rows)
2026-07-17 14:51:15,646 | INFO | Purav Shah -> Exception Report (8 rows)
2026-07-17 14:51:15,736 | INFO | Purav Shah -> Monthly LAN Activity (330 rows)
2026-07-17 14:51:15,864 | INFO | Purav Shah -> Daily Activity (302 rows)
2026-07-17 14:51:15,911 | INFO | Purav Shah -> Receipt (76 rows)
2026-07-17 14:51:15,911 | INFO | [3/3] Processing : Amit Korgaonkar
2026-07-17 14:51:15,962 | INFO | Amit Korgaonkar -> Payment Reconciliation (37 rows)
2026-07-17 14:51:16,045 | INFO | Amit Korgaonkar -> Exception Report (36 rows)
2026-07-17 14:51:16,325 | INFO | Amit Korgaonkar -> Monthly LAN Activity (1276 rows)
2026-07-17 14:51:16,510 | INFO | Amit Korgaonkar -> Daily Activity (875 rows)
2026-07-17 14:51:16,603 | INFO | Amit Korgaonkar -> Receipt (424 rows)
2026-07-17 14:51:16,603 | INFO | ======================================================================
2026-07-17 14:51:16,603 | INFO | REPORT GENERATION COMPLETED
2026-07-17 14:51:16,603 | INFO | Users Processed : 3
2026-07-17 14:51:16,603 | INFO | Reports Created : 15
2026-07-17 14:51:16,603 | INFO | ======================================================================
2026-07-17 14:51:16,610 | INFO | Report generation completed successfully.
2026-07-17 14:51:16,610 | INFO | STEP 5/5 : Sending Emails
2026-07-17 14:51:16,610 | INFO | ======================================================================
2026-07-17 14:51:16,610 | INFO | EMAIL SERVICE STARTED
2026-07-17 14:51:16,610 | INFO | ======================================================================
2026-07-17 14:51:20,078 | INFO | SMTP Login Successful
2026-07-17 14:51:20,078 | INFO | Total Users : 3
2026-07-17 14:51:20,078 | INFO | ------------------------------------------------------------
2026-07-17 14:51:20,078 | INFO | Processing : Aayush Bansal
2026-07-17 14:51:20,078 | INFO | Aayush Bansal : 5 Reports | 0.62 MB
2026-07-17 14:51:22,683 | INFO | Aayush Bansal : Email Sent
2026-07-17 14:51:22,683 | ERROR | Aayush Bansal : Folder Delete Failed : [WinError 32] The process cannot access the file because it is being used by another process: 'temp\\Aayush Bansal\\Daily Activity.xlsx'
2026-07-17 14:51:22,683 | INFO | ------------------------------------------------------------
2026-07-17 14:51:22,683 | INFO | Processing : Purav Shah
2026-07-17 14:51:22,683 | INFO | Purav Shah : 5 Reports | 0.09 MB
2026-07-17 14:51:23,587 | INFO | Purav Shah : Email Sent
2026-07-17 14:51:23,589 | INFO | Purav Shah : Temporary Folder Deleted
2026-07-17 14:51:23,589 | INFO | ------------------------------------------------------------
2026-07-17 14:51:23,589 | INFO | Processing : Amit Korgaonkar
2026-07-17 14:51:23,589 | INFO | Amit Korgaonkar : 5 Reports | 0.24 MB
2026-07-17 14:51:24,799 | INFO | Amit Korgaonkar : Email Sent
2026-07-17 14:51:24,804 | INFO | Amit Korgaonkar : Temporary Folder Deleted
2026-07-17 14:51:24,812 | INFO | SMTP Connection Closed
2026-07-17 14:51:24,844 | INFO | Summary Saved : logs\2026-07-17\email_summary.xlsx
2026-07-17 14:51:24,844 | INFO | ============================================================
2026-07-17 14:51:24,844 | INFO | Total Users : 3
2026-07-17 14:51:24,844 | INFO | Success    : 3
2026-07-17 14:51:24,845 | INFO | Failed     : 0
2026-07-17 14:51:24,845 | INFO | Skipped    : 0
2026-07-17 14:51:24,845 | INFO | ============================================================
2026-07-17 14:51:24,845 | INFO | Summary File : logs\2026-07-17\email_summary.xlsx
2026-07-17 14:51:24,845 | INFO | ======================================================================
2026-07-17 14:51:24,845 | INFO | EMAIL SERVICE COMPLETED
2026-07-17 14:51:24,845 | INFO | Emails Sent     : 3
2026-07-17 14:51:24,846 | INFO | Emails Failed   : 0
2026-07-17 14:51:24,846 | INFO | Users Skipped   : 0
2026-07-17 14:51:24,846 | INFO | ======================================================================
2026-07-17 14:51:24,846 | INFO | All emails processed.
2026-07-17 14:51:24,846 | INFO | COLLECTION AUTOMATION COMPLETED SUCCESSFULLY
2026-07-17 14:51:24,846 | INFO | ================================================================================
2026-07-17 14:51:24,847 | INFO | Execution Time : 21.07 Seconds
2026-07-17 14:51:24,847 | INFO | COLLECTION AUTOMATION FINISHED
2026-07-17 14:51:24,847 | INFO | ================================================================================
2026-07-17 17:55:17,532 | INFO | ================================================================================
2026-07-17 17:55:17,532 | INFO | COLLECTION AUTOMATION V3 STARTED
2026-07-17 17:55:17,532 | INFO | ================================================================================
2026-07-17 17:55:17,532 | INFO | STEP 1/5 : Validating Users
2026-07-17 17:55:17,829 | INFO | User validation successful. Total Users: 3
2026-07-17 17:55:17,829 | INFO | User validation completed successfully.
2026-07-17 17:55:17,829 | INFO | STEP 2/5 : Downloading Reports
2026-07-17 17:55:17,829 | INFO | Cleaning old temporary files
2026-07-17 17:55:17,829 | INFO | ============================================================
2026-07-17 17:55:17,829 | INFO | CLEANING TEMP DIRECTORY
2026-07-17 17:55:17,829 | INFO | ============================================================
2026-07-17 17:55:17,835 | INFO | Deleted 1 old folders/files.
2026-07-17 17:55:17,835 | INFO | ============================================================
2026-07-17 17:55:17,835 | INFO | Downloading reports
2026-07-17 17:55:26,177 | INFO | Reports downloaded successfully.
2026-07-17 17:55:26,177 | INFO | STEP 3/5 : Loading Reports Into Memory
2026-07-17 17:55:26,177 | INFO | ============================================================
2026-07-17 17:55:26,186 | INFO | LOADING REPORTS INTO MEMORY
2026-07-17 17:55:26,186 | INFO | ============================================================
2026-07-17 17:55:26,217 | INFO | Payment Reconciliation : 101 rows
2026-07-17 17:55:26,249 | INFO | Exception Report : 106 rows
2026-07-17 17:55:26,897 | INFO | Monthly LAN Activity : 3672 rows
2026-07-17 17:55:27,341 | INFO | Daily Activity : 2318 rows
2026-07-17 17:55:27,525 | INFO | Receipt : 1191 rows
2026-07-17 17:55:27,525 | INFO | Loaded 5 reports.
2026-07-17 17:55:27,525 | INFO | 5 reports loaded into memory.
2026-07-17 17:55:27,525 | INFO | STEP 4/5 : Generating User Reports
2026-07-17 17:55:27,525 | INFO | ======================================================================
2026-07-17 17:55:27,525 | INFO | GENERATING USER REPORTS
2026-07-17 17:55:27,525 | INFO | ======================================================================
2026-07-17 17:55:27,534 | INFO | Total Users : 3
2026-07-17 17:55:27,548 | INFO | [1/3] Processing : Aayush Bansal
2026-07-17 17:55:27,708 | INFO | Aayush Bansal -> Payment Reconciliation (101 rows)
2026-07-17 17:55:27,781 | INFO | Aayush Bansal -> Exception Report (106 rows)
2026-07-17 17:55:28,560 | INFO | Aayush Bansal -> Monthly LAN Activity (3671 rows)
2026-07-17 17:55:29,080 | INFO | Aayush Bansal -> Daily Activity (2317 rows)
2026-07-17 17:55:29,308 | INFO | Aayush Bansal -> Receipt (1191 rows)
2026-07-17 17:55:29,308 | INFO | [2/3] Processing : Purav Shah
2026-07-17 17:55:29,363 | INFO | Purav Shah -> Payment Reconciliation (10 rows)
2026-07-17 17:55:29,401 | INFO | Purav Shah -> Exception Report (8 rows)
2026-07-17 17:55:29,511 | INFO | Purav Shah -> Monthly LAN Activity (330 rows)
2026-07-17 17:55:29,720 | INFO | Purav Shah -> Daily Activity (309 rows)
2026-07-17 17:55:29,781 | INFO | Purav Shah -> Receipt (78 rows)
2026-07-17 17:55:29,785 | INFO | [3/3] Processing : Amit Korgaonkar
2026-07-17 17:55:29,815 | INFO | Amit Korgaonkar -> Payment Reconciliation (37 rows)
2026-07-17 17:55:29,861 | INFO | Amit Korgaonkar -> Exception Report (36 rows)
2026-07-17 17:55:30,174 | INFO | Amit Korgaonkar -> Monthly LAN Activity (1276 rows)
2026-07-17 17:55:30,417 | INFO | Amit Korgaonkar -> Daily Activity (903 rows)
2026-07-17 17:55:30,528 | INFO | Amit Korgaonkar -> Receipt (429 rows)
2026-07-17 17:55:30,529 | INFO | ======================================================================
2026-07-17 17:55:30,529 | INFO | REPORT GENERATION COMPLETED
2026-07-17 17:55:30,529 | INFO | Users Processed : 3
2026-07-17 17:55:30,529 | INFO | Reports Created : 15
2026-07-17 17:55:30,529 | INFO | ======================================================================
2026-07-17 17:55:30,529 | INFO | Report generation completed successfully.
2026-07-17 17:55:30,530 | INFO | STEP 5/5 : Sending Emails
2026-07-17 17:55:30,530 | INFO | ======================================================================
2026-07-17 17:55:30,530 | INFO | EMAIL SERVICE STARTED
2026-07-17 17:55:30,530 | INFO | ======================================================================
2026-07-17 17:55:31,752 | INFO | SMTP Login Successful
2026-07-17 17:55:31,752 | INFO | Total Users : 3
2026-07-17 17:55:31,752 | INFO | ------------------------------------------------------------
2026-07-17 17:55:31,752 | INFO | Processing : Aayush Bansal
2026-07-17 17:55:31,752 | INFO | Aayush Bansal : 5 Reports | 0.62 MB
2026-07-17 17:55:34,266 | INFO | Aayush Bansal : Email Sent
2026-07-17 17:55:34,269 | INFO | Aayush Bansal : Temporary Folder Deleted
2026-07-17 17:55:34,269 | INFO | ------------------------------------------------------------
2026-07-17 17:55:34,269 | INFO | Processing : Purav Shah
2026-07-17 17:55:34,269 | INFO | Purav Shah : 5 Reports | 0.09 MB
2026-07-17 17:55:35,193 | INFO | Purav Shah : Email Sent
2026-07-17 17:55:35,199 | INFO | Purav Shah : Temporary Folder Deleted
2026-07-17 17:55:35,199 | INFO | ------------------------------------------------------------
2026-07-17 17:55:35,199 | INFO | Processing : Amit Korgaonkar
2026-07-17 17:55:35,201 | INFO | Amit Korgaonkar : 5 Reports | 0.25 MB
2026-07-17 17:55:36,625 | INFO | Amit Korgaonkar : Email Sent
2026-07-17 17:55:36,628 | INFO | Amit Korgaonkar : Temporary Folder Deleted
2026-07-17 17:55:36,636 | INFO | SMTP Connection Closed
2026-07-17 17:55:36,663 | INFO | Summary Saved : logs\2026-07-17\email_summary.xlsx
2026-07-17 17:55:36,663 | INFO | ============================================================
2026-07-17 17:55:36,663 | INFO | Total Users : 3
2026-07-17 17:55:36,663 | INFO | Success    : 3
2026-07-17 17:55:36,663 | INFO | Failed     : 0
2026-07-17 17:55:36,663 | INFO | Skipped    : 0
2026-07-17 17:55:36,663 | INFO | ============================================================
2026-07-17 17:55:36,663 | INFO | Summary File : logs\2026-07-17\email_summary.xlsx
2026-07-17 17:55:36,663 | INFO | ======================================================================
2026-07-17 17:55:36,663 | INFO | EMAIL SERVICE COMPLETED
2026-07-17 17:55:36,663 | INFO | Emails Sent     : 3
2026-07-17 17:55:36,663 | INFO | Emails Failed   : 0
2026-07-17 17:55:36,663 | INFO | Users Skipped   : 0
2026-07-17 17:55:36,663 | INFO | ======================================================================
2026-07-17 17:55:36,663 | INFO | All emails processed.
2026-07-17 17:55:37,137 | INFO | Admin Summary Email Sent
2026-07-17 17:55:37,137 | INFO | COLLECTION AUTOMATION COMPLETED SUCCESSFULLY
2026-07-17 17:55:37,137 | INFO | ================================================================================
2026-07-17 17:55:37,137 | INFO | Execution Time : 19.61 Seconds
2026-07-17 17:55:37,141 | INFO | COLLECTION AUTOMATION FINISHED
2026-07-17 17:55:37,141 | INFO | ================================================================================
2026-07-17 18:42:25,370 | INFO | ================================================================================
2026-07-17 18:42:25,370 | INFO | COLLECTION AUTOMATION V3 STARTED
2026-07-17 18:42:25,370 | INFO | ================================================================================
2026-07-17 18:42:25,370 | INFO | STEP 1/5 : Validating Users
2026-07-17 18:42:25,609 | INFO | User validation successful. Total Users: 3
2026-07-17 18:42:25,609 | INFO | User validation completed successfully.
2026-07-17 18:42:25,609 | INFO | STEP 2/5 : Downloading Reports
2026-07-17 18:42:25,610 | INFO | Cleaning old temporary files
2026-07-17 18:42:25,611 | INFO | ============================================================
2026-07-17 18:42:25,611 | INFO | CLEANING TEMP DIRECTORY
2026-07-17 18:42:25,611 | INFO | ============================================================
2026-07-17 18:42:25,611 | INFO | Deleted 0 old folders/files.
2026-07-17 18:42:25,611 | INFO | ============================================================
2026-07-17 18:42:25,611 | INFO | Downloading reports
2026-07-17 18:42:35,271 | INFO | Reports downloaded successfully.
2026-07-17 18:42:35,271 | INFO | STEP 3/5 : Loading Reports Into Memory
2026-07-17 18:42:35,271 | INFO | ============================================================
2026-07-17 18:42:35,271 | INFO | LOADING REPORTS INTO MEMORY
2026-07-17 18:42:35,271 | INFO | ============================================================
2026-07-17 18:42:35,313 | INFO | Payment Reconciliation : 97 rows
2026-07-17 18:42:35,330 | INFO | Exception Report : 106 rows
2026-07-17 18:42:35,916 | INFO | Monthly LAN Activity : 3672 rows
2026-07-17 18:42:36,294 | INFO | Daily Activity : 2320 rows
2026-07-17 18:42:36,473 | INFO | Receipt : 1193 rows
2026-07-17 18:42:36,513 | INFO | Lat-Long : 154 rows
2026-07-17 18:42:36,513 | INFO | Loaded 6 reports.
2026-07-17 18:42:36,513 | INFO | 6 reports loaded into memory.
2026-07-17 18:42:36,513 | INFO | STEP 4/5 : Generating User Reports
2026-07-17 18:42:36,513 | INFO | ======================================================================
2026-07-17 18:42:36,513 | INFO | GENERATING USER REPORTS
2026-07-17 18:42:36,513 | INFO | ======================================================================
2026-07-17 18:42:36,513 | INFO | Total Users : 3
2026-07-17 18:42:36,536 | INFO | [1/3] Processing : Aayush Bansal
2026-07-17 18:42:36,665 | INFO | Aayush Bansal -> Payment Reconciliation (97 rows)
2026-07-17 18:42:36,710 | INFO | Aayush Bansal -> Exception Report (106 rows)
2026-07-17 18:42:37,377 | INFO | Aayush Bansal -> Monthly LAN Activity (3671 rows)
2026-07-17 18:42:37,843 | INFO | Aayush Bansal -> Daily Activity (2319 rows)
2026-07-17 18:42:38,019 | INFO | Aayush Bansal -> Receipt (1193 rows)
2026-07-17 18:42:38,063 | INFO | Aayush Bansal -> Lat-Long (154 rows)
2026-07-17 18:42:38,063 | INFO | [2/3] Processing : Purav Shah
2026-07-17 18:42:38,090 | INFO | Purav Shah -> Payment Reconciliation (10 rows)
2026-07-17 18:42:38,117 | INFO | Purav Shah -> Exception Report (8 rows)
2026-07-17 18:42:38,230 | INFO | Purav Shah -> Monthly LAN Activity (330 rows)
2026-07-17 18:42:38,328 | INFO | Purav Shah -> Daily Activity (309 rows)
2026-07-17 18:42:38,369 | INFO | Purav Shah -> Receipt (78 rows)
2026-07-17 18:42:38,405 | INFO | Purav Shah -> Lat-Long (22 rows)
2026-07-17 18:42:38,406 | INFO | [3/3] Processing : Amit Korgaonkar
2026-07-17 18:42:38,478 | INFO | Amit Korgaonkar -> Payment Reconciliation (37 rows)
2026-07-17 18:42:38,511 | INFO | Amit Korgaonkar -> Exception Report (36 rows)
2026-07-17 18:42:38,757 | INFO | Amit Korgaonkar -> Monthly LAN Activity (1276 rows)
2026-07-17 18:42:38,936 | INFO | Amit Korgaonkar -> Daily Activity (904 rows)
2026-07-17 18:42:39,022 | INFO | Amit Korgaonkar -> Receipt (430 rows)
2026-07-17 18:42:39,051 | INFO | Amit Korgaonkar -> Lat-Long (58 rows)
2026-07-17 18:42:39,051 | INFO | ======================================================================
2026-07-17 18:42:39,051 | INFO | REPORT GENERATION COMPLETED
2026-07-17 18:42:39,051 | INFO | Users Processed : 3
2026-07-17 18:42:39,051 | INFO | Reports Created : 18
2026-07-17 18:42:39,051 | INFO | ======================================================================
2026-07-17 18:42:39,051 | INFO | Report generation completed successfully.
2026-07-17 18:42:39,051 | INFO | STEP 5/5 : Sending Emails
2026-07-17 18:42:39,051 | INFO | ======================================================================
2026-07-17 18:42:39,051 | INFO | EMAIL SERVICE STARTED
2026-07-17 18:42:39,051 | INFO | ======================================================================
2026-07-17 18:42:40,137 | INFO | SMTP Login Successful
2026-07-17 18:42:40,137 | INFO | Total Users : 3
2026-07-17 18:42:40,137 | INFO | ------------------------------------------------------------
2026-07-17 18:42:40,137 | INFO | Processing : Aayush Bansal
2026-07-17 18:42:40,137 | INFO | Aayush Bansal : 6 Reports | 0.63 MB
2026-07-17 18:42:42,810 | INFO | Aayush Bansal : Email Sent
2026-07-17 18:42:42,810 | INFO | Aayush Bansal : Temporary Folder Deleted
2026-07-17 18:42:42,810 | INFO | ------------------------------------------------------------
2026-07-17 18:42:42,810 | INFO | Processing : Purav Shah
2026-07-17 18:42:42,821 | INFO | Purav Shah : 6 Reports | 0.09 MB
2026-07-17 18:42:43,826 | INFO | Purav Shah : Email Sent
2026-07-17 18:42:43,828 | INFO | Purav Shah : Temporary Folder Deleted
2026-07-17 18:42:43,829 | INFO | ------------------------------------------------------------
2026-07-17 18:42:43,829 | INFO | Processing : Amit Korgaonkar
2026-07-17 18:42:43,829 | INFO | Amit Korgaonkar : 6 Reports | 0.25 MB
2026-07-17 18:42:45,451 | INFO | Amit Korgaonkar : Email Sent
2026-07-17 18:42:45,453 | INFO | Amit Korgaonkar : Temporary Folder Deleted
2026-07-17 18:42:45,464 | INFO | SMTP Connection Closed
2026-07-17 18:42:45,489 | INFO | Summary Saved : logs\2026-07-17\email_summary.xlsx
2026-07-17 18:42:45,489 | INFO | ============================================================
2026-07-17 18:42:45,489 | INFO | Total Users : 3
2026-07-17 18:42:45,489 | INFO | Success    : 3
2026-07-17 18:42:45,489 | INFO | Failed     : 0
2026-07-17 18:42:45,489 | INFO | Skipped    : 0
2026-07-17 18:42:45,489 | INFO | ============================================================
2026-07-17 18:42:45,489 | INFO | Summary File : logs\2026-07-17\email_summary.xlsx
2026-07-17 18:42:45,489 | INFO | ======================================================================
2026-07-17 18:42:45,489 | INFO | EMAIL SERVICE COMPLETED
2026-07-17 18:42:45,489 | INFO | Emails Sent     : 3
2026-07-17 18:42:45,489 | INFO | Emails Failed   : 0
2026-07-17 18:42:45,489 | INFO | Users Skipped   : 0
2026-07-17 18:42:45,489 | INFO | ======================================================================
2026-07-17 18:42:45,489 | INFO | All emails processed.
2026-07-17 18:42:45,948 | INFO | Admin Summary Email Sent
2026-07-17 18:42:45,948 | INFO | COLLECTION AUTOMATION COMPLETED SUCCESSFULLY
2026-07-17 18:42:45,948 | INFO | ================================================================================
2026-07-17 18:42:45,948 | INFO | Execution Time : 20.58 Seconds
2026-07-17 18:42:45,949 | INFO | COLLECTION AUTOMATION FINISHED
2026-07-17 18:42:45,949 | INFO | ================================================================================
2026-07-17 19:11:14,215 | INFO | ================================================================================
2026-07-17 19:11:14,215 | INFO | COLLECTION AUTOMATION V3 STARTED
2026-07-17 19:11:14,215 | INFO | ================================================================================
2026-07-17 19:11:14,215 | INFO | STEP 1/5 : Validating Users
2026-07-17 19:11:14,532 | INFO | User validation successful. Total Users: 30
2026-07-17 19:11:14,532 | INFO | User validation completed successfully.
2026-07-17 19:11:14,532 | INFO | STEP 2/5 : Downloading Reports
2026-07-17 19:11:14,532 | INFO | Cleaning old temporary files
2026-07-17 19:11:14,532 | INFO | ============================================================
2026-07-17 19:11:14,532 | INFO | CLEANING TEMP DIRECTORY
2026-07-17 19:11:14,532 | INFO | ============================================================
2026-07-17 19:11:14,532 | INFO | Deleted 0 old folders/files.
2026-07-17 19:11:14,532 | INFO | ============================================================
2026-07-17 19:11:14,532 | INFO | Downloading reports
2026-07-17 19:11:24,009 | INFO | Reports downloaded successfully.
2026-07-17 19:11:24,009 | INFO | STEP 3/5 : Loading Reports Into Memory
2026-07-17 19:11:24,009 | INFO | ============================================================
2026-07-17 19:11:24,009 | INFO | LOADING REPORTS INTO MEMORY
2026-07-17 19:11:24,009 | INFO | ============================================================
2026-07-17 19:11:24,039 | INFO | Payment Reconciliation : 98 rows
2026-07-17 19:11:24,061 | INFO | Exception Report : 106 rows
2026-07-17 19:11:24,634 | INFO | Monthly LAN Activity : 3672 rows
2026-07-17 19:11:24,993 | INFO | Daily Activity : 2322 rows
2026-07-17 19:11:25,168 | INFO | Receipt : 1194 rows
2026-07-17 19:11:25,191 | INFO | Lat-Long : 154 rows
2026-07-17 19:11:25,191 | INFO | Loaded 6 reports.
2026-07-17 19:11:25,191 | INFO | 6 reports loaded into memory.
2026-07-17 19:11:25,191 | INFO | STEP 4/5 : Generating User Reports
2026-07-17 19:11:25,204 | INFO | ======================================================================
2026-07-17 19:11:25,204 | INFO | GENERATING USER REPORTS
2026-07-17 19:11:25,204 | INFO | ======================================================================
2026-07-17 19:11:25,210 | INFO | Total Users : 30
2026-07-17 19:11:25,211 | INFO | [1/30] Processing : Babulal Dhakad
2026-07-17 19:11:25,336 | INFO | Babulal Dhakad -> Payment Reconciliation (3 rows)
2026-07-17 19:11:25,374 | INFO | Babulal Dhakad -> Exception Report (6 rows)
2026-07-17 19:11:25,436 | INFO | Babulal Dhakad -> Monthly LAN Activity (206 rows)
2026-07-17 19:11:25,494 | INFO | Babulal Dhakad -> Daily Activity (174 rows)
2026-07-17 19:11:25,531 | INFO | Babulal Dhakad -> Receipt (55 rows)
2026-07-17 19:11:25,559 | INFO | Babulal Dhakad -> Lat-Long (12 rows)
2026-07-17 19:11:25,559 | INFO | [2/30] Processing : BHARTI  CHINCHORE
2026-07-17 19:11:25,595 | INFO | BHARTI  CHINCHORE -> Payment Reconciliation (15 rows)
2026-07-17 19:11:25,623 | INFO | BHARTI  CHINCHORE -> Exception Report (17 rows)
2026-07-17 19:11:25,738 | INFO | BHARTI  CHINCHORE -> Monthly LAN Activity (566 rows)
2026-07-17 19:11:25,852 | INFO | BHARTI  CHINCHORE -> Daily Activity (297 rows)
2026-07-17 19:11:25,924 | INFO | BHARTI  CHINCHORE -> Receipt (230 rows)
2026-07-17 19:11:25,954 | INFO | BHARTI  CHINCHORE -> Lat-Long (12 rows)
2026-07-17 19:11:25,954 | INFO | [3/30] Processing : Rajendra  Singh
2026-07-17 19:11:25,993 | INFO | Rajendra  Singh -> Payment Reconciliation (33 rows)
2026-07-17 19:11:26,023 | INFO | Rajendra  Singh -> Exception Report (22 rows)
2026-07-17 19:11:26,236 | INFO | Rajendra  Singh -> Monthly LAN Activity (775 rows)
2026-07-17 19:11:26,405 | INFO | Rajendra  Singh -> Daily Activity (502 rows)
2026-07-17 19:11:26,493 | INFO | Rajendra  Singh -> Receipt (268 rows)
2026-07-17 19:11:26,541 | INFO | Rajendra  Singh -> Lat-Long (40 rows)
2026-07-17 19:11:26,542 | INFO | [4/30] Processing : Deepak Patidar
2026-07-17 19:11:26,588 | INFO | Deepak Patidar -> Payment Reconciliation (28 rows)
2026-07-17 19:11:26,626 | INFO | Deepak Patidar -> Exception Report (14 rows)
2026-07-17 19:11:26,736 | INFO | Deepak Patidar -> Monthly LAN Activity (480 rows)
2026-07-17 19:11:26,862 | INFO | Deepak Patidar -> Daily Activity (344 rows)
2026-07-17 19:11:26,955 | INFO | Deepak Patidar -> Receipt (156 rows)
2026-07-17 19:11:27,012 | INFO | Deepak Patidar -> Lat-Long (27 rows)
2026-07-17 19:11:27,012 | INFO | [5/30] Processing : VIKRAM  MEWADA
2026-07-17 19:11:27,059 | INFO | VIKRAM  MEWADA -> Payment Reconciliation (10 rows)
2026-07-17 19:11:27,102 | INFO | VIKRAM  MEWADA -> Exception Report (10 rows)
2026-07-17 19:11:27,195 | INFO | VIKRAM  MEWADA -> Monthly LAN Activity (229 rows)
2026-07-17 19:11:27,254 | INFO | VIKRAM  MEWADA -> Daily Activity (154 rows)
2026-07-17 19:11:27,296 | INFO | VIKRAM  MEWADA -> Receipt (64 rows)
2026-07-17 19:11:27,325 | INFO | VIKRAM  MEWADA -> Lat-Long (13 rows)
2026-07-17 19:11:27,325 | INFO | [6/30] Processing : Ratan Lal Nat
2026-07-17 19:11:27,353 | INFO | Ratan Lal Nat -> Payment Reconciliation (10 rows)
2026-07-17 19:11:27,389 | INFO | Ratan Lal Nat -> Exception Report (17 rows)
2026-07-17 19:11:27,552 | INFO | Ratan Lal Nat -> Monthly LAN Activity (769 rows)
2026-07-17 19:11:27,668 | INFO | Ratan Lal Nat -> Daily Activity (422 rows)
2026-07-17 19:11:27,747 | INFO | Ratan Lal Nat -> Receipt (262 rows)
2026-07-17 19:11:27,777 | INFO | Ratan Lal Nat -> Lat-Long (18 rows)
2026-07-17 19:11:27,777 | INFO | [7/30] Processing : Aarti Saini
2026-07-17 19:11:27,806 | INFO | Aarti Saini -> Payment Reconciliation (10 rows)
2026-07-17 19:11:27,841 | INFO | Aarti Saini -> Exception Report (13 rows)
2026-07-17 19:11:27,967 | INFO | Aarti Saini -> Monthly LAN Activity (529 rows)
2026-07-17 19:11:28,075 | INFO | Aarti Saini -> Daily Activity (326 rows)
2026-07-17 19:11:28,126 | INFO | Aarti Saini -> Receipt (166 rows)
2026-07-17 19:11:28,167 | INFO | Aarti Saini -> Lat-Long (30 rows)
2026-07-17 19:11:28,168 | INFO | [8/30] Processing : Neeraj Kumar Bairagi
2026-07-17 19:11:28,202 | INFO | Neeraj Kumar Bairagi -> Exception Report (3 rows)
2026-07-17 19:11:28,291 | INFO | Neeraj Kumar Bairagi -> Monthly LAN Activity (102 rows)
2026-07-17 19:11:28,337 | INFO | Neeraj Kumar Bairagi -> Daily Activity (80 rows)
2026-07-17 19:11:28,368 | INFO | Neeraj Kumar Bairagi -> Receipt (62 rows)
2026-07-17 19:11:28,404 | INFO | Neeraj Kumar Bairagi -> Lat-Long (4 rows)
2026-07-17 19:11:28,404 | INFO | [9/30] Processing : Parihar Pramendrasingh
2026-07-17 19:11:28,436 | INFO | Parihar Pramendrasingh -> Payment Reconciliation (10 rows)
2026-07-17 19:11:28,478 | INFO | Parihar Pramendrasingh -> Exception Report (17 rows)
2026-07-17 19:11:28,662 | INFO | Parihar Pramendrasingh -> Monthly LAN Activity (769 rows)
2026-07-17 19:11:28,768 | INFO | Parihar Pramendrasingh -> Daily Activity (422 rows)
2026-07-17 19:11:28,845 | INFO | Parihar Pramendrasingh -> Receipt (262 rows)
2026-07-17 19:11:28,873 | INFO | Parihar Pramendrasingh -> Lat-Long (18 rows)
2026-07-17 19:11:28,873 | INFO | [10/30] Processing : Purav Shah
2026-07-17 19:11:28,928 | INFO | Purav Shah -> Payment Reconciliation (98 rows)
2026-07-17 19:11:28,979 | INFO | Purav Shah -> Exception Report (106 rows)
2026-07-17 19:11:29,772 | INFO | Purav Shah -> Monthly LAN Activity (3671 rows)
2026-07-17 19:11:30,245 | INFO | Purav Shah -> Daily Activity (2321 rows)
2026-07-17 19:11:30,460 | INFO | Purav Shah -> Receipt (1194 rows)
2026-07-17 19:11:30,510 | INFO | Purav Shah -> Lat-Long (154 rows)
2026-07-17 19:11:30,511 | INFO | [11/30] Processing : Manjeet Singh
2026-07-17 19:11:30,538 | INFO | Manjeet Singh -> Payment Reconciliation (3 rows)
2026-07-17 19:11:30,571 | INFO | Manjeet Singh -> Exception Report (10 rows)
2026-07-17 19:11:30,644 | INFO | Manjeet Singh -> Monthly LAN Activity (226 rows)
2026-07-17 19:11:30,703 | INFO | Manjeet Singh -> Daily Activity (126 rows)
2026-07-17 19:11:30,744 | INFO | Manjeet Singh -> Receipt (69 rows)
2026-07-17 19:11:30,776 | INFO | Manjeet Singh -> Lat-Long (13 rows)
2026-07-17 19:11:30,776 | INFO | [12/30] Processing : PAVAN RAO SHINDE
2026-07-17 19:11:30,817 | INFO | PAVAN RAO SHINDE -> Payment Reconciliation (36 rows)
2026-07-17 19:11:30,855 | INFO | PAVAN RAO SHINDE -> Exception Report (33 rows)
2026-07-17 19:11:31,150 | INFO | PAVAN RAO SHINDE -> Monthly LAN Activity (1108 rows)
2026-07-17 19:11:31,358 | INFO | PAVAN RAO SHINDE -> Daily Activity (810 rows)
2026-07-17 19:11:31,451 | INFO | PAVAN RAO SHINDE -> Receipt (330 rows)
2026-07-17 19:11:31,500 | INFO | PAVAN RAO SHINDE -> Lat-Long (50 rows)
2026-07-17 19:11:31,501 | INFO | [13/30] Processing : ANKIT KUMAR SONI
2026-07-17 19:11:31,550 | INFO | ANKIT KUMAR SONI -> Payment Reconciliation (45 rows)
2026-07-17 19:11:31,594 | INFO | ANKIT KUMAR SONI -> Exception Report (41 rows)
2026-07-17 19:11:31,871 | INFO | ANKIT KUMAR SONI -> Monthly LAN Activity (1342 rows)
2026-07-17 19:11:32,088 | INFO | ANKIT KUMAR SONI -> Daily Activity (899 rows)
2026-07-17 19:11:32,164 | INFO | ANKIT KUMAR SONI -> Receipt (382 rows)
2026-07-17 19:11:32,207 | INFO | ANKIT KUMAR SONI -> Lat-Long (53 rows)
2026-07-17 19:11:32,207 | INFO | [14/30] Processing : Suresh  Gehlot
2026-07-17 19:11:32,246 | INFO | Suresh  Gehlot -> Payment Reconciliation (28 rows)
2026-07-17 19:11:32,270 | INFO | Suresh  Gehlot -> Exception Report (14 rows)
2026-07-17 19:11:32,397 | INFO | Suresh  Gehlot -> Monthly LAN Activity (480 rows)
2026-07-17 19:11:32,531 | INFO | Suresh  Gehlot -> Daily Activity (344 rows)
2026-07-17 19:11:32,601 | INFO | Suresh  Gehlot -> Receipt (156 rows)
2026-07-17 19:11:32,633 | INFO | Suresh  Gehlot -> Lat-Long (27 rows)
2026-07-17 19:11:32,633 | INFO | [15/30] Processing : Kamalesh Kumar
2026-07-17 19:11:32,689 | INFO | Kamalesh Kumar -> Payment Reconciliation (98 rows)
2026-07-17 19:11:32,738 | INFO | Kamalesh Kumar -> Exception Report (106 rows)
2026-07-17 19:11:33,446 | INFO | Kamalesh Kumar -> Monthly LAN Activity (3671 rows)
2026-07-17 19:11:33,945 | INFO | Kamalesh Kumar -> Daily Activity (2321 rows)
2026-07-17 19:11:34,177 | INFO | Kamalesh Kumar -> Receipt (1194 rows)
2026-07-17 19:11:34,219 | INFO | Kamalesh Kumar -> Lat-Long (154 rows)
2026-07-17 19:11:34,219 | INFO | [16/30] Processing : Vijay Singh Gahlot
2026-07-17 19:11:34,247 | INFO | Vijay Singh Gahlot -> Payment Reconciliation (3 rows)
2026-07-17 19:11:34,279 | INFO | Vijay Singh Gahlot -> Exception Report (10 rows)
2026-07-17 19:11:34,382 | INFO | Vijay Singh Gahlot -> Monthly LAN Activity (226 rows)
2026-07-17 19:11:34,445 | INFO | Vijay Singh Gahlot -> Daily Activity (126 rows)
2026-07-17 19:11:34,487 | INFO | Vijay Singh Gahlot -> Receipt (69 rows)
2026-07-17 19:11:34,532 | INFO | Vijay Singh Gahlot -> Lat-Long (13 rows)
2026-07-17 19:11:34,533 | INFO | [17/30] Processing : Pushkar Patidar
2026-07-17 19:11:34,566 | INFO | Pushkar Patidar -> Payment Reconciliation (5 rows)
2026-07-17 19:11:34,601 | INFO | Pushkar Patidar -> Exception Report (8 rows)
2026-07-17 19:11:34,699 | INFO | Pushkar Patidar -> Monthly LAN Activity (336 rows)
2026-07-17 19:11:34,774 | INFO | Pushkar Patidar -> Daily Activity (248 rows)
2026-07-17 19:11:34,816 | INFO | Pushkar Patidar -> Receipt (116 rows)
2026-07-17 19:11:34,845 | INFO | Pushkar Patidar -> Lat-Long (21 rows)
2026-07-17 19:11:34,845 | INFO | [18/30] Processing : Dinesh jain
2026-07-17 19:11:34,879 | INFO | Dinesh jain -> Payment Reconciliation (10 rows)
2026-07-17 19:11:34,912 | INFO | Dinesh jain -> Exception Report (17 rows)
2026-07-17 19:11:35,078 | INFO | Dinesh jain -> Monthly LAN Activity (769 rows)
2026-07-17 19:11:35,194 | INFO | Dinesh jain -> Daily Activity (422 rows)
2026-07-17 19:11:35,277 | INFO | Dinesh jain -> Receipt (262 rows)
2026-07-17 19:11:35,295 | INFO | Dinesh jain -> Lat-Long (18 rows)
2026-07-17 19:11:35,295 | INFO | [19/30] Processing : Aayush
2026-07-17 19:11:35,389 | INFO | Aayush -> Payment Reconciliation (98 rows)
2026-07-17 19:11:35,428 | INFO | Aayush -> Exception Report (106 rows)
2026-07-17 19:11:36,145 | INFO | Aayush -> Monthly LAN Activity (3671 rows)
2026-07-17 19:11:36,657 | INFO | Aayush -> Daily Activity (2321 rows)
2026-07-17 19:11:36,881 | INFO | Aayush -> Receipt (1194 rows)
2026-07-17 19:11:36,937 | INFO | Aayush -> Lat-Long (154 rows)
2026-07-17 19:11:36,938 | INFO | [20/30] Processing : SHIVRAJ SINGH RAJPUT
2026-07-17 19:11:36,976 | INFO | SHIVRAJ SINGH RAJPUT -> Payment Reconciliation (10 rows)
2026-07-17 19:11:36,999 | INFO | SHIVRAJ SINGH RAJPUT -> Exception Report (8 rows)
2026-07-17 19:11:37,093 | INFO | SHIVRAJ SINGH RAJPUT -> Monthly LAN Activity (330 rows)
2026-07-17 19:11:37,176 | INFO | SHIVRAJ SINGH RAJPUT -> Daily Activity (309 rows)
2026-07-17 19:11:37,210 | INFO | SHIVRAJ SINGH RAJPUT -> Receipt (78 rows)
2026-07-17 19:11:37,249 | INFO | SHIVRAJ SINGH RAJPUT -> Lat-Long (22 rows)
2026-07-17 19:11:37,249 | INFO | [21/30] Processing : Ankit Yadav V
2026-07-17 19:11:37,302 | INFO | Ankit Yadav V -> Payment Reconciliation (85 rows)
2026-07-17 19:11:37,349 | INFO | Ankit Yadav V -> Exception Report (79 rows)
2026-07-17 19:11:37,931 | INFO | Ankit Yadav V -> Monthly LAN Activity (2676 rows)
2026-07-17 19:11:38,303 | INFO | Ankit Yadav V -> Daily Activity (1773 rows)
2026-07-17 19:11:38,449 | INFO | Ankit Yadav V -> Receipt (863 rows)
2026-07-17 19:11:38,488 | INFO | Ankit Yadav V -> Lat-Long (123 rows)
2026-07-17 19:11:38,488 | INFO | [22/30] Processing : Amit Korgaonkar
2026-07-17 19:11:38,533 | INFO | Amit Korgaonkar -> Payment Reconciliation (98 rows)
2026-07-17 19:11:38,576 | INFO | Amit Korgaonkar -> Exception Report (106 rows)
2026-07-17 19:11:39,309 | INFO | Amit Korgaonkar -> Monthly LAN Activity (3671 rows)
2026-07-17 19:11:39,794 | INFO | Amit Korgaonkar -> Daily Activity (2321 rows)
2026-07-17 19:11:40,048 | INFO | Amit Korgaonkar -> Receipt (1194 rows)
2026-07-17 19:11:40,100 | INFO | Amit Korgaonkar -> Lat-Long (154 rows)
2026-07-17 19:11:40,101 | INFO | [23/30] Processing : SHAHBAZ KAZI
2026-07-17 19:11:40,127 | INFO | SHAHBAZ KAZI -> Payment Reconciliation (2 rows)
2026-07-17 19:11:40,158 | INFO | SHAHBAZ KAZI -> Exception Report (8 rows)
2026-07-17 19:11:40,234 | INFO | SHAHBAZ KAZI -> Monthly LAN Activity (223 rows)
2026-07-17 19:11:40,274 | INFO | SHAHBAZ KAZI -> Daily Activity (124 rows)
2026-07-17 19:11:40,330 | INFO | SHAHBAZ KAZI -> Receipt (97 rows)
2026-07-17 19:11:40,357 | INFO | SHAHBAZ KAZI -> Lat-Long (9 rows)
2026-07-17 19:11:40,357 | INFO | [24/30] Processing : RAJESH  GEHLOT
2026-07-17 19:11:40,390 | INFO | RAJESH  GEHLOT -> Payment Reconciliation (9 rows)
2026-07-17 19:11:40,413 | INFO | RAJESH  GEHLOT -> Exception Report (8 rows)
2026-07-17 19:11:40,501 | INFO | RAJESH  GEHLOT -> Monthly LAN Activity (234 rows)
2026-07-17 19:11:40,540 | INFO | RAJESH  GEHLOT -> Daily Activity (89 rows)
2026-07-17 19:11:40,575 | INFO | RAJESH  GEHLOT -> Receipt (52 rows)
2026-07-17 19:11:40,611 | INFO | RAJESH  GEHLOT -> Lat-Long (3 rows)
2026-07-17 19:11:40,615 | INFO | [25/30] Processing : Mukesh Rathod
2026-07-17 19:11:40,640 | INFO | Mukesh Rathod -> Payment Reconciliation (5 rows)
2026-07-17 19:11:40,673 | INFO | Mukesh Rathod -> Exception Report (6 rows)
2026-07-17 19:11:40,758 | INFO | Mukesh Rathod -> Monthly LAN Activity (272 rows)
2026-07-17 19:11:40,832 | INFO | Mukesh Rathod -> Daily Activity (189 rows)
2026-07-17 19:11:40,873 | INFO | Mukesh Rathod -> Receipt (94 rows)
2026-07-17 19:11:40,895 | INFO | Mukesh Rathod -> Lat-Long (16 rows)
2026-07-17 19:11:40,895 | INFO | [26/30] Processing : Raj  Rathore
2026-07-17 19:11:40,941 | INFO | Raj  Rathore -> Payment Reconciliation (28 rows)
2026-07-17 19:11:40,972 | INFO | Raj  Rathore -> Exception Report (17 rows)
2026-07-17 19:11:41,112 | INFO | Raj  Rathore -> Monthly LAN Activity (582 rows)
2026-07-17 19:11:41,205 | INFO | Raj  Rathore -> Daily Activity (424 rows)
2026-07-17 19:11:41,322 | INFO | Raj  Rathore -> Receipt (218 rows)
2026-07-17 19:11:41,362 | INFO | Raj  Rathore -> Lat-Long (31 rows)
2026-07-17 19:11:41,362 | INFO | [27/30] Processing : Sunil  chawala
2026-07-17 19:11:41,391 | INFO | Sunil  chawala -> Payment Reconciliation (5 rows)
2026-07-17 19:11:41,422 | INFO | Sunil  chawala -> Exception Report (5 rows)
2026-07-17 19:11:41,490 | INFO | Sunil  chawala -> Monthly LAN Activity (193 rows)
2026-07-17 19:11:41,540 | INFO | Sunil  chawala -> Daily Activity (78 rows)
2026-07-17 19:11:41,577 | INFO | Sunil  chawala -> Receipt (50 rows)
2026-07-17 19:11:41,606 | INFO | Sunil  chawala -> Lat-Long (9 rows)
2026-07-17 19:11:41,606 | INFO | [28/30] Processing : Sandeep Carpenter
2026-07-17 19:11:41,640 | INFO | Sandeep Carpenter -> Payment Reconciliation (10 rows)
2026-07-17 19:11:41,673 | INFO | Sandeep Carpenter -> Exception Report (8 rows)
2026-07-17 19:11:41,787 | INFO | Sandeep Carpenter -> Monthly LAN Activity (330 rows)
2026-07-17 19:11:41,877 | INFO | Sandeep Carpenter -> Daily Activity (309 rows)
2026-07-17 19:11:41,905 | INFO | Sandeep Carpenter -> Receipt (78 rows)
2026-07-17 19:11:41,943 | INFO | Sandeep Carpenter -> Lat-Long (22 rows)
2026-07-17 19:11:41,943 | INFO | [29/30] Processing : Sanjay Chopra
2026-07-17 19:11:41,972 | INFO | Sanjay Chopra -> Payment Reconciliation (3 rows)
2026-07-17 19:11:42,018 | INFO | Sanjay Chopra -> Exception Report (10 rows)
2026-07-17 19:11:42,103 | INFO | Sanjay Chopra -> Monthly LAN Activity (226 rows)
2026-07-17 19:11:42,166 | INFO | Sanjay Chopra -> Daily Activity (126 rows)
2026-07-17 19:11:42,205 | INFO | Sanjay Chopra -> Receipt (69 rows)
2026-07-17 19:11:42,247 | INFO | Sanjay Chopra -> Lat-Long (13 rows)
2026-07-17 19:11:42,247 | INFO | [30/30] Processing : Prabhu Mudliyar
2026-07-17 19:11:42,296 | INFO | Prabhu Mudliyar -> Payment Reconciliation (98 rows)
2026-07-17 19:11:42,354 | INFO | Prabhu Mudliyar -> Exception Report (106 rows)
2026-07-17 19:11:43,135 | INFO | Prabhu Mudliyar -> Monthly LAN Activity (3671 rows)
2026-07-17 19:11:43,623 | INFO | Prabhu Mudliyar -> Daily Activity (2321 rows)
2026-07-17 19:11:43,864 | INFO | Prabhu Mudliyar -> Receipt (1194 rows)
2026-07-17 19:11:43,921 | INFO | Prabhu Mudliyar -> Lat-Long (154 rows)
2026-07-17 19:11:43,922 | INFO | ======================================================================
2026-07-17 19:11:43,922 | INFO | REPORT GENERATION COMPLETED
2026-07-17 19:11:43,922 | INFO | Users Processed : 30
2026-07-17 19:11:43,922 | INFO | Reports Created : 179
2026-07-17 19:11:43,922 | INFO | ======================================================================
2026-07-17 19:11:43,922 | INFO | Report generation completed successfully.
2026-07-17 19:11:43,922 | INFO | STEP 5/5 : Sending Emails
2026-07-17 19:11:43,923 | INFO | ======================================================================
2026-07-17 19:11:43,923 | INFO | EMAIL SERVICE STARTED
2026-07-17 19:11:43,923 | INFO | ======================================================================
2026-07-17 19:11:47,248 | INFO | SMTP Login Successful
2026-07-17 19:11:47,248 | INFO | Total Users : 30
2026-07-17 19:11:47,248 | INFO | ------------------------------------------------------------
2026-07-17 19:11:47,248 | INFO | Processing : Babulal Dhakad
2026-07-17 19:11:47,248 | INFO | Babulal Dhakad : 6 Reports | 0.07 MB
2026-07-17 19:11:48,373 | INFO | Babulal Dhakad : Email Sent
2026-07-17 19:11:48,375 | INFO | Babulal Dhakad : Temporary Folder Deleted
2026-07-17 19:11:48,375 | INFO | ------------------------------------------------------------
2026-07-17 19:11:48,376 | INFO | Processing : BHARTI  CHINCHORE
2026-07-17 19:11:48,376 | INFO | BHARTI  CHINCHORE : 6 Reports | 0.12 MB
2026-07-17 19:11:49,506 | INFO | BHARTI  CHINCHORE : Email Sent
2026-07-17 19:11:49,508 | INFO | BHARTI  CHINCHORE : Temporary Folder Deleted
2026-07-17 19:11:49,508 | INFO | ------------------------------------------------------------
2026-07-17 19:11:49,510 | INFO | Processing : Rajendra  Singh
2026-07-17 19:11:49,510 | INFO | Rajendra  Singh : 6 Reports | 0.16 MB
2026-07-17 19:11:50,914 | INFO | Rajendra  Singh : Email Sent
2026-07-17 19:11:50,916 | INFO | Rajendra  Singh : Temporary Folder Deleted
2026-07-17 19:11:50,916 | INFO | ------------------------------------------------------------
2026-07-17 19:11:50,916 | INFO | Processing : Deepak Patidar
2026-07-17 19:11:50,916 | INFO | Deepak Patidar : 6 Reports | 0.12 MB
2026-07-17 19:11:52,038 | INFO | Deepak Patidar : Email Sent
2026-07-17 19:11:52,040 | INFO | Deepak Patidar : Temporary Folder Deleted
2026-07-17 19:11:52,040 | INFO | ------------------------------------------------------------
2026-07-17 19:11:52,042 | INFO | Processing : VIKRAM  MEWADA
2026-07-17 19:11:52,042 | INFO | VIKRAM  MEWADA : 6 Reports | 0.07 MB
2026-07-17 19:11:52,874 | INFO | VIKRAM  MEWADA : Email Sent
2026-07-17 19:11:52,876 | INFO | VIKRAM  MEWADA : Temporary Folder Deleted
2026-07-17 19:11:52,876 | INFO | ------------------------------------------------------------
2026-07-17 19:11:52,876 | INFO | Processing : Ratan Lal Nat
2026-07-17 19:11:52,878 | INFO | Ratan Lal Nat : 6 Reports | 0.15 MB
2026-07-17 19:11:53,916 | INFO | Ratan Lal Nat : Email Sent
2026-07-17 19:11:53,932 | INFO | Ratan Lal Nat : Temporary Folder Deleted
2026-07-17 19:11:53,932 | INFO | ------------------------------------------------------------
2026-07-17 19:11:53,932 | INFO | Processing : Aarti Saini
2026-07-17 19:11:53,932 | INFO | Aarti Saini : 6 Reports | 0.12 MB
2026-07-17 19:11:54,821 | INFO | Aarti Saini : Email Sent
2026-07-17 19:11:54,825 | INFO | Aarti Saini : Temporary Folder Deleted
2026-07-17 19:11:54,825 | INFO | ------------------------------------------------------------
2026-07-17 19:11:54,825 | INFO | Processing : Neeraj Kumar Bairagi
2026-07-17 19:11:54,825 | INFO | Neeraj Kumar Bairagi : 5 Reports | 0.05 MB
2026-07-17 19:11:55,603 | INFO | Neeraj Kumar Bairagi : Email Sent
2026-07-17 19:11:55,605 | INFO | Neeraj Kumar Bairagi : Temporary Folder Deleted
2026-07-17 19:11:55,605 | INFO | ------------------------------------------------------------
2026-07-17 19:11:55,605 | INFO | Processing : Parihar Pramendrasingh
2026-07-17 19:11:55,605 | INFO | Parihar Pramendrasingh : 6 Reports | 0.15 MB
2026-07-17 19:11:56,657 | INFO | Parihar Pramendrasingh : Email Sent
2026-07-17 19:11:56,657 | INFO | Parihar Pramendrasingh : Temporary Folder Deleted
2026-07-17 19:11:56,665 | INFO | ------------------------------------------------------------
2026-07-17 19:11:56,665 | INFO | Processing : Purav Shah
2026-07-17 19:11:56,665 | INFO | Purav Shah : 6 Reports | 0.63 MB
2026-07-17 19:11:59,123 | INFO | Purav Shah : Email Sent
2026-07-17 19:11:59,127 | INFO | Purav Shah : Temporary Folder Deleted
2026-07-17 19:11:59,127 | INFO | ------------------------------------------------------------
2026-07-17 19:11:59,127 | INFO | Processing : Manjeet Singh
2026-07-17 19:11:59,128 | INFO | Manjeet Singh : 6 Reports | 0.07 MB
2026-07-17 19:11:59,869 | INFO | Manjeet Singh : Email Sent
2026-07-17 19:11:59,873 | INFO | Manjeet Singh : Temporary Folder Deleted
2026-07-17 19:11:59,873 | INFO | ------------------------------------------------------------
2026-07-17 19:11:59,873 | INFO | Processing : PAVAN RAO SHINDE
2026-07-17 19:11:59,873 | INFO | PAVAN RAO SHINDE : 6 Reports | 0.22 MB
2026-07-17 19:12:01,133 | INFO | PAVAN RAO SHINDE : Email Sent
2026-07-17 19:12:01,133 | INFO | PAVAN RAO SHINDE : Temporary Folder Deleted
2026-07-17 19:12:01,133 | INFO | ------------------------------------------------------------
2026-07-17 19:12:01,133 | INFO | Processing : ANKIT KUMAR SONI
2026-07-17 19:12:01,133 | INFO | ANKIT KUMAR SONI : 6 Reports | 0.25 MB
2026-07-17 19:12:02,448 | INFO | ANKIT KUMAR SONI : Email Sent
2026-07-17 19:12:02,452 | INFO | ANKIT KUMAR SONI : Temporary Folder Deleted
2026-07-17 19:12:02,452 | INFO | ------------------------------------------------------------
2026-07-17 19:12:02,452 | INFO | Processing : Suresh  Gehlot
2026-07-17 19:12:02,452 | INFO | Suresh  Gehlot : 6 Reports | 0.12 MB
2026-07-17 19:12:03,551 | INFO | Suresh  Gehlot : Email Sent
2026-07-17 19:12:03,568 | INFO | Suresh  Gehlot : Temporary Folder Deleted
2026-07-17 19:12:03,568 | INFO | ------------------------------------------------------------
2026-07-17 19:12:03,568 | INFO | Processing : Kamalesh Kumar
2026-07-17 19:12:03,568 | INFO | Kamalesh Kumar : 6 Reports | 0.63 MB
2026-07-17 19:12:05,827 | INFO | Kamalesh Kumar : Email Sent
2026-07-17 19:12:05,838 | INFO | Kamalesh Kumar : Temporary Folder Deleted
2026-07-17 19:12:05,838 | INFO | ------------------------------------------------------------
2026-07-17 19:12:05,838 | INFO | Processing : Vijay Singh Gahlot
2026-07-17 19:12:05,838 | INFO | Vijay Singh Gahlot : 6 Reports | 0.07 MB
2026-07-17 19:12:06,607 | INFO | Vijay Singh Gahlot : Email Sent
2026-07-17 19:12:06,607 | INFO | Vijay Singh Gahlot : Temporary Folder Deleted
2026-07-17 19:12:06,607 | INFO | ------------------------------------------------------------
2026-07-17 19:12:06,607 | INFO | Processing : Pushkar Patidar
2026-07-17 19:12:06,607 | INFO | Pushkar Patidar : 6 Reports | 0.09 MB
2026-07-17 19:12:07,456 | INFO | Pushkar Patidar : Email Sent
2026-07-17 19:12:07,458 | INFO | Pushkar Patidar : Temporary Folder Deleted
2026-07-17 19:12:07,459 | INFO | ------------------------------------------------------------
2026-07-17 19:12:07,459 | INFO | Processing : Dinesh jain
2026-07-17 19:12:07,460 | INFO | Dinesh jain : 6 Reports | 0.15 MB
2026-07-17 19:12:08,496 | INFO | Dinesh jain : Email Sent
2026-07-17 19:12:08,500 | INFO | Dinesh jain : Temporary Folder Deleted
2026-07-17 19:12:08,501 | INFO | ------------------------------------------------------------
2026-07-17 19:12:08,501 | INFO | Processing : Aayush
2026-07-17 19:12:08,502 | INFO | Aayush : 6 Reports | 0.63 MB
2026-07-17 19:12:10,789 | INFO | Aayush : Email Sent
2026-07-17 19:12:10,789 | INFO | Aayush : Temporary Folder Deleted
2026-07-17 19:12:10,789 | INFO | ------------------------------------------------------------
2026-07-17 19:12:10,789 | INFO | Processing : SHIVRAJ SINGH RAJPUT
2026-07-17 19:12:10,789 | INFO | SHIVRAJ SINGH RAJPUT : 6 Reports | 0.09 MB
2026-07-17 19:12:11,602 | INFO | SHIVRAJ SINGH RAJPUT : Email Sent
2026-07-17 19:12:11,608 | INFO | SHIVRAJ SINGH RAJPUT : Temporary Folder Deleted
2026-07-17 19:12:11,608 | INFO | ------------------------------------------------------------
2026-07-17 19:12:11,608 | INFO | Processing : Ankit Yadav V
2026-07-17 19:12:11,608 | INFO | Ankit Yadav V : 6 Reports | 0.48 MB
2026-07-17 19:12:13,483 | INFO | Ankit Yadav V : Email Sent
2026-07-17 19:12:13,489 | INFO | Ankit Yadav V : Temporary Folder Deleted
2026-07-17 19:12:13,489 | INFO | ------------------------------------------------------------
2026-07-17 19:12:13,489 | INFO | Processing : Amit Korgaonkar
2026-07-17 19:12:13,489 | INFO | Amit Korgaonkar : 6 Reports | 0.63 MB
2026-07-17 19:12:15,853 | INFO | Amit Korgaonkar : Email Sent
2026-07-17 19:12:15,853 | INFO | Amit Korgaonkar : Temporary Folder Deleted
2026-07-17 19:12:15,853 | INFO | ------------------------------------------------------------
2026-07-17 19:12:15,861 | INFO | Processing : SHAHBAZ KAZI
2026-07-17 19:12:15,861 | INFO | SHAHBAZ KAZI : 6 Reports | 0.07 MB
2026-07-17 19:12:16,614 | INFO | SHAHBAZ KAZI : Email Sent
2026-07-17 19:12:16,631 | INFO | SHAHBAZ KAZI : Temporary Folder Deleted
2026-07-17 19:12:16,631 | INFO | ------------------------------------------------------------
2026-07-17 19:12:16,631 | INFO | Processing : RAJESH  GEHLOT
2026-07-17 19:12:16,631 | INFO | RAJESH  GEHLOT : 6 Reports | 0.06 MB
2026-07-17 19:12:17,393 | INFO | RAJESH  GEHLOT : Email Sent
2026-07-17 19:12:17,406 | INFO | RAJESH  GEHLOT : Temporary Folder Deleted
2026-07-17 19:12:17,408 | INFO | ------------------------------------------------------------
2026-07-17 19:12:17,408 | INFO | Processing : Mukesh Rathod
2026-07-17 19:12:17,408 | INFO | Mukesh Rathod : 6 Reports | 0.08 MB
2026-07-17 19:12:18,181 | INFO | Mukesh Rathod : Email Sent
2026-07-17 19:12:18,188 | INFO | Mukesh Rathod : Temporary Folder Deleted
2026-07-17 19:12:18,190 | INFO | ------------------------------------------------------------
2026-07-17 19:12:18,190 | INFO | Processing : Raj  Rathore
2026-07-17 19:12:18,190 | INFO | Raj  Rathore : 6 Reports | 0.14 MB
2026-07-17 19:12:19,218 | INFO | Raj  Rathore : Email Sent
2026-07-17 19:12:19,232 | INFO | Raj  Rathore : Temporary Folder Deleted
2026-07-17 19:12:19,232 | INFO | ------------------------------------------------------------
2026-07-17 19:12:19,232 | INFO | Processing : Sunil  chawala
2026-07-17 19:12:19,232 | INFO | Sunil  chawala : 6 Reports | 0.06 MB
2026-07-17 19:12:19,934 | INFO | Sunil  chawala : Email Sent
2026-07-17 19:12:19,938 | INFO | Sunil  chawala : Temporary Folder Deleted
2026-07-17 19:12:19,938 | INFO | ------------------------------------------------------------
2026-07-17 19:12:19,938 | INFO | Processing : Sandeep Carpenter
2026-07-17 19:12:19,938 | INFO | Sandeep Carpenter : 6 Reports | 0.09 MB
2026-07-17 19:12:20,732 | INFO | Sandeep Carpenter : Email Sent
2026-07-17 19:12:20,750 | INFO | Sandeep Carpenter : Temporary Folder Deleted
2026-07-17 19:12:20,750 | INFO | ------------------------------------------------------------
2026-07-17 19:12:20,752 | INFO | Processing : Sanjay Chopra
2026-07-17 19:12:20,752 | INFO | Sanjay Chopra : 6 Reports | 0.07 MB
2026-07-17 19:12:21,655 | INFO | Sanjay Chopra : Email Sent
2026-07-17 19:12:21,662 | INFO | Sanjay Chopra : Temporary Folder Deleted
2026-07-17 19:12:21,662 | INFO | ------------------------------------------------------------
2026-07-17 19:12:21,664 | INFO | Processing : Prabhu Mudliyar
2026-07-17 19:12:21,664 | INFO | Prabhu Mudliyar : 6 Reports | 0.63 MB
2026-07-17 19:12:24,061 | INFO | Prabhu Mudliyar : Email Sent
2026-07-17 19:12:24,061 | INFO | Prabhu Mudliyar : Temporary Folder Deleted
2026-07-17 19:12:24,073 | INFO | SMTP Connection Closed
2026-07-17 19:12:24,114 | INFO | Summary Saved : logs\2026-07-17\email_summary.xlsx
2026-07-17 19:12:24,114 | INFO | ============================================================
2026-07-17 19:12:24,114 | INFO | Total Users : 30
2026-07-17 19:12:24,114 | INFO | Success    : 30
2026-07-17 19:12:24,114 | INFO | Failed     : 0
2026-07-17 19:12:24,114 | INFO | Skipped    : 0
2026-07-17 19:12:24,114 | INFO | ============================================================
2026-07-17 19:12:24,114 | INFO | Summary File : logs\2026-07-17\email_summary.xlsx
2026-07-17 19:12:24,114 | INFO | ======================================================================
2026-07-17 19:12:24,114 | INFO | EMAIL SERVICE COMPLETED
2026-07-17 19:12:24,114 | INFO | Emails Sent     : 30
2026-07-17 19:12:24,114 | INFO | Emails Failed   : 0
2026-07-17 19:12:24,114 | INFO | Users Skipped   : 0
2026-07-17 19:12:24,114 | INFO | ======================================================================
2026-07-17 19:12:24,114 | INFO | All emails processed.
2026-07-17 19:12:24,573 | INFO | Admin Summary Email Sent
2026-07-17 19:12:24,573 | INFO | COLLECTION AUTOMATION COMPLETED SUCCESSFULLY
2026-07-17 19:12:24,573 | INFO | ================================================================================
2026-07-17 19:12:24,573 | INFO | Execution Time : 70.36 Seconds
2026-07-17 19:12:24,573 | INFO | COLLECTION AUTOMATION FINISHED
2026-07-17 19:12:24,573 | INFO | ================================================================================
